{"numTotalTestSuites":464,"numPassedTestSuites":464,"numFailedTestSuites":0,"numPendingTestSuites":0,"numTotalTests":778,"numPassedTests":778,"numFailedTests":0,"numPendingTests":0,"numTodoTests":0,"snapshot":{"added":0,"failure":false,"filesAdded":0,"filesRemoved":0,"filesRemovedList":[],"filesUnmatched":0,"filesUpdated":0,"matched":0,"total":0,"unchecked":0,"uncheckedKeysByFile":[],"unmatched":0,"updated":0,"didUpdate":false},"startTime":1784349409298,"success":true,"testResults":[{"assertionResults":[{"ancestorTitles":["AP Calculus AB skill tree seed (PROMPT 002)"],"fullName":"AP Calculus AB skill tree seed (PROMPT 002) has 100 to 150 nodes","status":"passed","title":"has 100 to 150 nodes","duration":6.687900000000013,"failureMessages":[],"meta":{},"tags":[]},{"ancestorTitles":["AP Calculus AB skill tree seed (PROMPT 002)"],"fullName":"AP Calculus AB skill tree seed (PROMPT 002) covers all 8 College Board CED units with correct names","status":"passed","title":"covers all 8 College Board CED units with correct names","duration":3.470100000000002,"failureMessages":[],"meta":{},"tags":[]},{"ancestorTitles":["AP Calculus AB skill tree seed (PROMPT 002)"],"fullName":"AP Calculus AB skill tree seed (PROMPT 002) requires description and one to three misconceptions per node","status":"passed","title":"requires description and one to three misconceptions per node","duration":39.19200000000001,"failureMessages":[],"meta":{},"tags":[]},{"ancestorTitles":["AP Calculus AB skill tree seed (PROMPT 002)"],"fullName":"AP Calculus AB skill tree seed (PROMPT 002) uses sequential display_order across the full tree","status":"passed","title":"uses sequential display_order across the full tree","duration":1.0774000000000115,"failureMessages":[],"meta":{},"tags":[]}],"startTime":1784349416916,"endTime":1784349416967.0774,"status":"passed","message":"","name":"C:/Users/madat/Desktop/otams/scripts/ap-calc-ab-skill-nodes.test.ts"},{"assertionResults":[{"ancestorTitles":["free-response-candidate-pure"],"fullName":"free-response-candidate-pure accepts a parseable candidate with a critical step","status":"passed","title":"accepts a parseable candidate with a critical step","duration":272.71569999999883,"failureMessages":[],"meta":{},"tags":[]},{"ancestorTitles":["free-response-candidate-pure"],"fullName":"free-response-candidate-pure rejects unparseable answer expressions","status":"passed","title":"rejects unparseable answer expressions","duration":4.014799999999013,"failureMessages":[],"meta":{},"tags":[]},{"ancestorTitles":["free-response-candidate-pure"],"fullName":"free-response-candidate-pure builds a focused free-response prompt","status":"passed","title":"builds a focused free-response prompt","duration":10.186200000000099,"failureMessages":[],"meta":{},"tags":[]}],"startTime":1784349419564,"endTime":1784349419852.1863,"status":"passed","message":"","name":"C:/Users/madat/Desktop/otams/scripts/free-response-candidate-pure.test.ts"},{"assertionResults":[{"ancestorTitles":["generate item candidates pure"],"fullName":"generate item candidates pure plans generation only when approved plus pending are below three","status":"passed","title":"plans generation only when approved plus pending are below three","duration":6.304399999999987,"failureMessages":[],"meta":{},"tags":[]},{"ancestorTitles":["generate item candidates pure"],"fullName":"generate item candidates pure flags step_sequence first when only one slot remains","status":"passed","title":"flags step_sequence first when only one slot remains","duration":3.4188999999996668,"failureMessages":[],"meta":{},"tags":[]},{"ancestorTitles":["generate item candidates pure"],"fullName":"generate item candidates pure includes free_response when coverage is missing and slots allow","status":"passed","title":"includes free_response when coverage is missing and slots allow","duration":1.685399999999845,"failureMessages":[],"meta":{},"tags":[]},{"ancestorTitles":["generate item candidates pure"],"fullName":"generate item candidates pure builds a per-node prompt with exact node fields and misconception guidance","status":"passed","title":"builds a per-node prompt with exact node fields and misconception guidance","duration":2.024499999999989,"failureMessages":[],"meta":{},"tags":[]},{"ancestorTitles":["generate item candidates pure"],"fullName":"generate item candidates pure detects approved step-trace and free-response coverage from item rows","status":"passed","title":"detects approved step-trace and free-response coverage from item rows","duration":2.21100000000024,"failureMessages":[],"meta":{},"tags":[]},{"ancestorTitles":["generate item candidates pure"],"fullName":"generate item candidates pure validates step_sequence shape","status":"passed","title":"validates step_sequence shape","duration":9.78630000000021,"failureMessages":[],"meta":{},"tags":[]}],"startTime":1784349425194,"endTime":1784349425220.7864,"status":"passed","message":"","name":"C:/Users/madat/Desktop/otams/scripts/generate-item-candidates-pure.test.ts"},{"assertionResults":[{"ancestorTitles":["item bank status pure"],"fullName":"item bank status pure aggregates per-node counts and step-trace availability","status":"passed","title":"aggregates per-node counts and step-trace availability","duration":8.486499999999978,"failureMessages":[],"meta":{},"tags":[]},{"ancestorTitles":["item bank status pure"],"fullName":"item bank status pure flags nodes below the approved minimum","status":"passed","title":"flags nodes below the approved minimum","duration":1.7294999999999163,"failureMessages":[],"meta":{},"tags":[]},{"ancestorTitles":["item bank status pure"],"fullName":"item bank status pure summarizes Units 1-3 step-trace pool size","status":"passed","title":"summarizes Units 1-3 step-trace pool size","duration":1.6950999999999112,"failureMessages":[],"meta":{},"tags":[]},{"ancestorTitles":["item bank status pure"],"fullName":"item bank status pure counts nodes without any approved step-trace items","status":"passed","title":"counts nodes without any approved step-trace items","duration":0.8281999999999243,"failureMessages":[],"meta":{},"tags":[]},{"ancestorTitles":["item bank status pure"],"fullName":"item bank status pure renders a table with flag markers","status":"passed","title":"renders a table with flag markers","duration":1.7394999999996799,"failureMessages":[],"meta":{},"tags":[]}],"startTime":1784349433774,"endTime":1784349433788.7395,"status":"passed","message":"","name":"C:/Users/madat/Desktop/otams/scripts/item-bank-status-pure.test.ts"},{"assertionResults":[{"ancestorTitles":["step trace seed pure"],"fullName":"step trace seed pure requires at least fifteen valid seed entries","status":"passed","title":"requires at least fifteen valid seed entries","duration":33.36799999999994,"failureMessages":[],"meta":{},"tags":[]},{"ancestorTitles":["step trace seed pure"],"fullName":"step trace seed pure assigns one approved item per seed without reusing rows","status":"passed","title":"assigns one approved item per seed without reusing rows","duration":3.7859000000000833,"failureMessages":[],"meta":{},"tags":[]},{"ancestorTitles":["step trace seed pure"],"fullName":"step trace seed pure rejects seed nodes outside units one through three","status":"passed","title":"rejects seed nodes outside units one through three","duration":1.7082000000000335,"failureMessages":[],"meta":{},"tags":[]},{"ancestorTitles":["step trace seed pure"],"fullName":"step trace seed pure loads the production seed file with fifteen reviewed entries","status":"passed","title":"loads the production seed file with fifteen reviewed entries","duration":13.787000000000035,"failureMessages":[],"meta":{},"tags":[]}],"startTime":1784349421259,"endTime":1784349421311.787,"status":"passed","message":"","name":"C:/Users/madat/Desktop/otams/scripts/step-trace-seed-pure.test.ts"},{"assertionResults":[{"ancestorTitles":["buildBeatLineView"],"fullName":"buildBeatLineView returns null when user has no league XP","status":"passed","title":"returns null when user has no league XP","duration":6.274699999999939,"failureMessages":[],"meta":{},"tags":[]},{"ancestorTitles":["buildBeatLineView"],"fullName":"buildBeatLineView frames rank 1 as defend the beat line","status":"passed","title":"frames rank 1 as defend the beat line","duration":1.9445999999998094,"failureMessages":[],"meta":{},"tags":[]},{"ancestorTitles":["buildBeatLineView"],"fullName":"buildBeatLineView frames rival chase with a single verdict","status":"passed","title":"frames rival chase with a single verdict","duration":1.4696000000001277,"failureMessages":[],"meta":{},"tags":[]},{"ancestorTitles":["buildBeatLineView"],"fullName":"buildBeatLineView exports a marketing summary","status":"passed","title":"exports a marketing summary","duration":0.5148999999998978,"failureMessages":[],"meta":{},"tags":[]}],"startTime":1784349448981,"endTime":1784349448991.515,"status":"passed","message":"","name":"C:/Users/madat/Desktop/otams/tests/unit/beat-line-pure.test.ts"},{"assertionResults":[{"ancestorTitles":["breakthrough item bank pack"],"fullName":"breakthrough item bank pack maps approved rows to practice MCQs with skill node metadata","status":"passed","title":"maps approved rows to practice MCQs with skill node metadata","duration":9.626800000000003,"failureMessages":[],"meta":{},"tags":[]},{"ancestorTitles":["breakthrough item bank pack"],"fullName":"breakthrough item bank pack requires at least three valid items","status":"passed","title":"requires at least three valid items","duration":1.2177999999998974,"failureMessages":[],"meta":{},"tags":[]},{"ancestorTitles":["breakthrough item bank pack"],"fullName":"breakthrough item bank pack builds the unavailable copy without live generation","status":"passed","title":"builds the unavailable copy without live generation","duration":1.1743999999998778,"failureMessages":[],"meta":{},"tags":[]},{"ancestorTitles":["breakthrough item bank pack"],"fullName":"breakthrough item bank pack defers breakthrough pack assignment for 48 hours","status":"passed","title":"defers breakthrough pack assignment for 48 hours","duration":0.9040999999999713,"failureMessages":[],"meta":{},"tags":[]},{"ancestorTitles":["breakthrough item bank pack"],"fullName":"breakthrough item bank pack treats future available_at as not yet due","status":"passed","title":"treats future available_at as not yet due","duration":0.8033000000000357,"failureMessages":[],"meta":{},"tags":[]},{"ancestorTitles":["resolve skill node for breakthrough concept"],"fullName":"resolve skill node for breakthrough concept matches subtopic labels to skill node slugs","status":"passed","title":"matches subtopic labels to skill node slugs","duration":1.302500000000009,"failureMessages":[],"meta":{},"tags":[]}],"startTime":1784349432578,"endTime":1784349432595.3025,"status":"passed","message":"","name":"C:/Users/madat/Desktop/otams/tests/unit/breakthrough-item-bank.test.ts"},{"assertionResults":[{"ancestorTitles":["buildBreakthroughMomentumBridgeMessages"],"fullName":"buildBreakthroughMomentumBridgeMessages returns null for Momentum subscribers","status":"passed","title":"returns null for Momentum subscribers","duration":6.3209000000000515,"failureMessages":[],"meta":{},"tags":[]},{"ancestorTitles":["buildBreakthroughMomentumBridgeMessages"],"fullName":"buildBreakthroughMomentumBridgeMessages surfaces factual counterfactual for free users","status":"passed","title":"surfaces factual counterfactual for free users","duration":69.99369999999999,"failureMessages":[],"meta":{},"tags":[]},{"ancestorTitles":["nextCreditMonthLabel"],"fullName":"nextCreditMonthLabel returns first day of next month","status":"passed","title":"returns first day of next month","duration":1.0889000000001943,"failureMessages":[],"meta":{},"tags":[]}],"startTime":1784349415782,"endTime":1784349415861.0889,"status":"passed","message":"","name":"C:/Users/madat/Desktop/otams/tests/unit/breakthrough-momentum-bridge-pure.test.ts"},{"assertionResults":[{"ancestorTitles":["challenge-difficulty-pure"],"fullName":"challenge-difficulty-pure does not move rating until two consecutive corrects","status":"passed","title":"does not move rating until two consecutive corrects","duration":7.499900000000025,"failureMessages":[],"meta":{},"tags":[]},{"ancestorTitles":["challenge-difficulty-pure"],"fullName":"challenge-difficulty-pure pulls rating down after two consecutive incorrects","status":"passed","title":"pulls rating down after two consecutive incorrects","duration":1.3162999999999556,"failureMessages":[],"meta":{},"tags":[]},{"ancestorTitles":["challenge-difficulty-pure"],"fullName":"challenge-difficulty-pure resets the opposite streak on outcome flip","status":"passed","title":"resets the opposite streak on outcome flip","duration":0.8895999999999731,"failureMessages":[],"meta":{},"tags":[]},{"ancestorTitles":["challenge-difficulty-pure"],"fullName":"challenge-difficulty-pure prefers items inside the difficulty band and falls back otherwise","status":"passed","title":"prefers items inside the difficulty band and falls back otherwise","duration":3.0980000000001837,"failureMessages":[],"meta":{},"tags":[]}],"startTime":1784349435639,"endTime":1784349435652.098,"status":"passed","message":"","name":"C:/Users/madat/Desktop/otams/tests/unit/challenge-difficulty-pure.test.ts"},{"assertionResults":[{"ancestorTitles":["buildCheckoutPriceAnchor"],"fullName":"buildCheckoutPriceAnchor highlights payg for free users","status":"passed","title":"highlights payg for free users","duration":73.08919999999989,"failureMessages":[],"meta":{},"tags":[]},{"ancestorTitles":["buildCheckoutPriceAnchor"],"fullName":"buildCheckoutPriceAnchor highlights credit when applied","status":"passed","title":"highlights credit when applied","duration":1.4175000000000182,"failureMessages":[],"meta":{},"tags":[]},{"ancestorTitles":["buildCheckoutPriceAnchor"],"fullName":"buildCheckoutPriceAnchor highlights member rate for subscribers without credit","status":"passed","title":"highlights member rate for subscribers without credit","duration":1.3729000000000724,"failureMessages":[],"meta":{},"tags":[]}],"startTime":1784349417463,"endTime":1784349417538.3728,"status":"passed","message":"","name":"C:/Users/madat/Desktop/otams/tests/unit/checkout-price-anchor-pure.test.ts"},{"assertionResults":[{"ancestorTitles":["resolveCreditEscalationVariant"],"fullName":"resolveCreditEscalationVariant returns credit_live on day 1","status":"passed","title":"returns credit_live on day 1","duration":6.119599999999991,"failureMessages":[],"meta":{},"tags":[]},{"ancestorTitles":["resolveCreditEscalationVariant"],"fullName":"resolveCreditEscalationVariant returns credit_nudge on day 20","status":"passed","title":"returns credit_nudge on day 20","duration":0.9082000000000789,"failureMessages":[],"meta":{},"tags":[]},{"ancestorTitles":["resolveCreditEscalationVariant"],"fullName":"resolveCreditEscalationVariant returns credit_last_day on final day of month","status":"passed","title":"returns credit_last_day on final day of month","duration":0.712500000000091,"failureMessages":[],"meta":{},"tags":[]},{"ancestorTitles":["resolveCreditEscalationVariant"],"fullName":"resolveCreditEscalationVariant returns null on ordinary days","status":"passed","title":"returns null on ordinary days","duration":0.7544000000000324,"failureMessages":[],"meta":{},"tags":[]},{"ancestorTitles":["resolveCreditEscalationVariantForWeeklyRun"],"fullName":"resolveCreditEscalationVariantForWeeklyRun catches month-start window on day 5","status":"passed","title":"catches month-start window on day 5","duration":0.7686000000001059,"failureMessages":[],"meta":{},"tags":[]},{"ancestorTitles":["resolveCreditEscalationVariantForWeeklyRun"],"fullName":"resolveCreditEscalationVariantForWeeklyRun catches mid-month window","status":"passed","title":"catches mid-month window","duration":0.4897000000000844,"failureMessages":[],"meta":{},"tags":[]},{"ancestorTitles":["buildCreditEscalationCopy"],"fullName":"buildCreditEscalationCopy includes verdict and next action for day 1","status":"passed","title":"includes verdict and next action for day 1","duration":1.703599999999824,"failureMessages":[],"meta":{},"tags":[]},{"ancestorTitles":["buildCreditEscalationCopy"],"fullName":"buildCreditEscalationCopy includes open slots and weakest node on day 20","status":"passed","title":"includes open slots and weakest node on day 20","duration":0.7468999999998687,"failureMessages":[],"meta":{},"tags":[]}],"startTime":1784349434629,"endTime":1784349434643.7468,"status":"passed","message":"","name":"C:/Users/madat/Desktop/otams/tests/unit/credit-escalation-pure.test.ts"},{"assertionResults":[{"ancestorTitles":["buildUnifiedTrajectoryIndex"],"fullName":"buildUnifiedTrajectoryIndex passes through a single subject score","status":"passed","title":"passes through a single subject score","duration":6.904199999999946,"failureMessages":[],"meta":{},"tags":[]},{"ancestorTitles":["buildUnifiedTrajectoryIndex"],"fullName":"buildUnifiedTrajectoryIndex averages multiple subject scores","status":"passed","title":"averages multiple subject scores","duration":1.314200000000028,"failureMessages":[],"meta":{},"tags":[]}],"startTime":1784349457744,"endTime":1784349457752.3142,"status":"passed","message":"","name":"C:/Users/madat/Desktop/otams/tests/unit/cross-subject-trajectory-pure.test.ts"},{"assertionResults":[{"ancestorTitles":["duel item bank selection"],"fullName":"duel item bank selection maps item bank rows to duel MCQ schema","status":"passed","title":"maps item bank rows to duel MCQ schema","duration":9.066100000000006,"failureMessages":[],"meta":{},"tags":[]},{"ancestorTitles":["duel item bank selection"],"fullName":"duel item bank selection prefers primary nodes then backfills from other AP Calc nodes","status":"passed","title":"prefers primary nodes then backfills from other AP Calc nodes","duration":5.76260000000002,"failureMessages":[],"meta":{},"tags":[]},{"ancestorTitles":["duel item bank selection"],"fullName":"duel item bank selection returns a reduced pack when fewer than target items exist","status":"passed","title":"returns a reduced pack when fewer than target items exist","duration":2.5248999999998887,"failureMessages":[],"meta":{},"tags":[]},{"ancestorTitles":["duel item bank selection"],"fullName":"duel item bank selection rejects packs below the duel minimum","status":"passed","title":"rejects packs below the duel minimum","duration":1.2800000000002,"failureMessages":[],"meta":{},"tags":[]}],"startTime":1784349433182,"endTime":1784349433200.28,"status":"passed","message":"","name":"C:/Users/madat/Desktop/otams/tests/unit/duel-item-bank.test.ts"},{"assertionResults":[{"ancestorTitles":["e2e synthetic account detection"],"fullName":"e2e synthetic account detection flags guest-chain and chain example emails","status":"passed","title":"flags guest-chain and chain example emails","duration":7.258500000000026,"failureMessages":[],"meta":{},"tags":[]},{"ancestorTitles":["e2e synthetic account detection"],"fullName":"e2e synthetic account detection flags e2e-chain public labels","status":"passed","title":"flags e2e-chain public labels","duration":1.8777000000000044,"failureMessages":[],"meta":{},"tags":[]},{"ancestorTitles":["e2e synthetic account detection"],"fullName":"e2e synthetic account detection combines email and label signals","status":"passed","title":"combines email and label signals","duration":1.2386999999999944,"failureMessages":[],"meta":{},"tags":[]},{"ancestorTitles":["e2e synthetic account detection"],"fullName":"e2e synthetic account detection detects production Mentrixa hosts","status":"passed","title":"detects production Mentrixa hosts","duration":1.040300000000002,"failureMessages":[],"meta":{},"tags":[]}],"startTime":1784349450104,"endTime":1784349450116.0403,"status":"passed","message":"","name":"C:/Users/madat/Desktop/otams/tests/unit/e2e-synthetic-account-pure.test.ts"},{"assertionResults":[{"ancestorTitles":["buildStudentEntitlements"],"fullName":"buildStudentEntitlements always includes arena.free","status":"passed","title":"always includes arena.free","duration":8.435899999999947,"failureMessages":[],"meta":{},"tags":[]},{"ancestorTitles":["buildStudentEntitlements"],"fullName":"buildStudentEntitlements adds momentum perks when subscription is active","status":"passed","title":"adds momentum perks when subscription is active","duration":4.691499999999905,"failureMessages":[],"meta":{},"tags":[]},{"ancestorTitles":["buildStudentEntitlements"],"fullName":"buildStudentEntitlements hides session credit when subscription is inactive even if a row exists","status":"passed","title":"hides session credit when subscription is inactive even if a row exists","duration":0.9101000000000568,"failureMessages":[],"meta":{},"tags":[]},{"ancestorTitles":["buildStudentEntitlements"],"fullName":"buildStudentEntitlements grants full momentum perks for comp members without Stripe","status":"passed","title":"grants full momentum perks for comp members without Stripe","duration":1.3684999999998126,"failureMessages":[],"meta":{},"tags":[]}],"startTime":1784349425215,"endTime":1784349425230.3684,"status":"passed","message":"","name":"C:/Users/madat/Desktop/otams/tests/unit/entitlements-pure.test.ts"},{"assertionResults":[{"ancestorTitles":["guide-memory-pure"],"fullName":"guide-memory-pure opens 24h before session","status":"passed","title":"opens 24h before session","duration":6.577399999999898,"failureMessages":[],"meta":{},"tags":[]},{"ancestorTitles":["guide-memory-pure"],"fullName":"guide-memory-pure builds verdict and next action","status":"passed","title":"builds verdict and next action","duration":1.5085999999998876,"failureMessages":[],"meta":{},"tags":[]}],"startTime":1784349451423,"endTime":1784349451431.5085,"status":"passed","message":"","name":"C:/Users/madat/Desktop/otams/tests/unit/guide-memory-pure.test.ts"},{"assertionResults":[{"ancestorTitles":["hot-path index audit artifacts"],"fullName":"hot-path index audit artifacts ships decay + item_bank indexes for 10k+ row tables","status":"passed","title":"ships decay + item_bank indexes for 10k+ row tables","duration":7.727300000000014,"failureMessages":[],"meta":{},"tags":[]},{"ancestorTitles":["hot-path index audit artifacts"],"fullName":"hot-path index audit artifacts ships EXPLAIN ANALYZE script for all six hot queries","status":"passed","title":"ships EXPLAIN ANALYZE script for all six hot queries","duration":2.684900000000198,"failureMessages":[],"meta":{},"tags":[]},{"ancestorTitles":["hot-path index audit artifacts"],"fullName":"hot-path index audit artifacts ships k6 arena + symbolic scripts for workflow_dispatch","status":"passed","title":"ships k6 arena + symbolic scripts for workflow_dispatch","duration":3.4440999999997075,"failureMessages":[],"meta":{},"tags":[]}],"startTime":1784349439718,"endTime":1784349439732.444,"status":"passed","message":"","name":"C:/Users/madat/Desktop/otams/tests/unit/hot-path-indexes.test.ts"},{"assertionResults":[{"ancestorTitles":["item-bank-auto-verify structure"],"fullName":"item-bank-auto-verify structure accepts a valid MCQ shape","status":"passed","title":"accepts a valid MCQ shape","duration":8.84900000000016,"failureMessages":[],"meta":{},"tags":[]},{"ancestorTitles":["item-bank-auto-verify structure"],"fullName":"item-bank-auto-verify structure rejects duplicate options","status":"passed","title":"rejects duplicate options","duration":1.7299000000002707,"failureMessages":[],"meta":{},"tags":[]},{"ancestorTitles":["item-bank-auto-verify structure"],"fullName":"item-bank-auto-verify structure resolves letter keyed correct answers","status":"passed","title":"resolves letter keyed correct answers","duration":0.969300000000203,"failureMessages":[],"meta":{},"tags":[]}],"startTime":1784349454808,"endTime":1784349454819.9692,"status":"passed","message":"","name":"C:/Users/madat/Desktop/otams/tests/unit/item-bank-auto-verify.test.ts"},{"assertionResults":[{"ancestorTitles":["item bank coverage constants"],"fullName":"item bank coverage constants reports gap to minimum when under target","status":"passed","title":"reports gap to minimum when under target","duration":7.031199999999899,"failureMessages":[],"meta":{},"tags":[]},{"ancestorTitles":["item bank coverage constants"],"fullName":"item bank coverage constants reports per-node gaps when global minimum met","status":"passed","title":"reports per-node gaps when global minimum met","duration":1.1538000000000466,"failureMessages":[],"meta":{},"tags":[]},{"ancestorTitles":["item bank coverage constants"],"fullName":"item bank coverage constants reports complete bank when thresholds met","status":"passed","title":"reports complete bank when thresholds met","duration":0.7434000000000651,"failureMessages":[],"meta":{},"tags":[]},{"ancestorTitles":["item bank coverage constants"],"fullName":"item bank coverage constants suggests generate when incomplete","status":"passed","title":"suggests generate when incomplete","duration":0.754799999999932,"failureMessages":[],"meta":{},"tags":[]},{"ancestorTitles":["item bank coverage constants"],"fullName":"item bank coverage constants suggests maintenance when complete","status":"passed","title":"suggests maintenance when complete","duration":1.0657000000001062,"failureMessages":[],"meta":{},"tags":[]}],"startTime":1784349454993,"endTime":1784349455005.0657,"status":"passed","message":"","name":"C:/Users/madat/Desktop/otams/tests/unit/item-bank-constants.test.ts"},{"assertionResults":[{"ancestorTitles":["item bank selector coverage guards"],"fullName":"item bank selector coverage guards clamps practice pack size to 5–10","status":"passed","title":"clamps practice pack size to 5–10","duration":6.085000000000036,"failureMessages":[],"meta":{},"tags":[]},{"ancestorTitles":["item bank selector coverage guards"],"fullName":"item bank selector coverage guards picks unique needed node ids in priority order","status":"passed","title":"picks unique needed node ids in priority order","duration":3.03670000000011,"failureMessages":[],"meta":{},"tags":[]},{"ancestorTitles":["item bank selector coverage guards"],"fullName":"item bank selector coverage guards requires approved items for every needed node","status":"passed","title":"requires approved items for every needed node","duration":1.0271000000000186,"failureMessages":[],"meta":{},"tags":[]},{"ancestorTitles":["item bank selector coverage guards"],"fullName":"item bank selector coverage guards focus packs lead with the focus node then fill from the bank","status":"passed","title":"focus packs lead with the focus node then fill from the bank","duration":9.095000000000027,"failureMessages":[],"meta":{},"tags":[]},{"ancestorTitles":["AP Calculus AB unavailable copy"],"fullName":"AP Calculus AB unavailable copy uses the exact no-substitution message","status":"passed","title":"uses the exact no-substitution message","duration":0.6708999999998468,"failureMessages":[],"meta":{},"tags":[]}],"startTime":1784349429169,"endTime":1784349429190.671,"status":"passed","message":"","name":"C:/Users/madat/Desktop/otams/tests/unit/item-bank-selector.test.ts"},{"assertionResults":[{"ancestorTitles":["item-review-pure"],"fullName":"item-review-pure labels formats briefly","status":"passed","title":"labels formats briefly","duration":8.311800000000176,"failureMessages":[],"meta":{},"tags":[]},{"ancestorTitles":["item-review-pure"],"fullName":"item-review-pure blocks free-response approve without critical step","status":"passed","title":"blocks free-response approve without critical step","duration":1.3855999999998403,"failureMessages":[],"meta":{},"tags":[]},{"ancestorTitles":["item-review-pure"],"fullName":"item-review-pure allows sound free-response approve input","status":"passed","title":"allows sound free-response approve input","duration":2.256700000000137,"failureMessages":[],"meta":{},"tags":[]},{"ancestorTitles":["item-review-pure"],"fullName":"item-review-pure keeps empty and next-action copy short","status":"passed","title":"keeps empty and next-action copy short","duration":2.522899999999936,"failureMessages":[],"meta":{},"tags":[]}],"startTime":1784349446772,"endTime":1784349446786.523,"status":"passed","message":"","name":"C:/Users/madat/Desktop/otams/tests/unit/item-review-pure.test.ts"},{"assertionResults":[{"ancestorTitles":["live board avatar pure"],"fullName":"live board avatar pure derives stable initials from display name","status":"passed","title":"derives stable initials from display name","duration":6.736300000000028,"failureMessages":[],"meta":{},"tags":[]},{"ancestorTitles":["live board avatar pure"],"fullName":"live board avatar pure normalizes avatar urls","status":"passed","title":"normalizes avatar urls","duration":1.0615999999999985,"failureMessages":[],"meta":{},"tags":[]},{"ancestorTitles":["live board avatar pure"],"fullName":"live board avatar pure picks deterministic accent colors per name","status":"passed","title":"picks deterministic accent colors per name","duration":2.8970999999999094,"failureMessages":[],"meta":{},"tags":[]}],"startTime":1784349448784,"endTime":1784349448794.8972,"status":"passed","message":"","name":"C:/Users/madat/Desktop/otams/tests/unit/live-board-avatar-pure.test.ts"},{"assertionResults":[{"ancestorTitles":["live board event helpers"],"fullName":"live board event helpers maps verified attempt accuracy to 0 or 100","status":"passed","title":"maps verified attempt accuracy to 0 or 100","duration":6.400899999999979,"failureMessages":[],"meta":{},"tags":[]},{"ancestorTitles":["live board event helpers"],"fullName":"live board event helpers uses real profile fields and never invents digit aliases","status":"passed","title":"uses real profile fields and never invents digit aliases","duration":2.4302999999999884,"failureMessages":[],"meta":{},"tags":[]},{"ancestorTitles":["live board event helpers"],"fullName":"live board event helpers formats division war headlines and score lines","status":"passed","title":"formats division war headlines and score lines","duration":1.184099999999944,"failureMessages":[],"meta":{},"tags":[]},{"ancestorTitles":["live board event helpers"],"fullName":"live board event helpers encodes and parses war result card averages","status":"passed","title":"encodes and parses war result card averages","duration":4.2017000000000735,"failureMessages":[],"meta":{},"tags":[]},{"ancestorTitles":["arena page copy"],"fullName":"arena page copy matches the public arena spec","status":"passed","title":"matches the public arena spec","duration":1.331700000000069,"failureMessages":[],"meta":{},"tags":[]},{"ancestorTitles":["live board feed copy"],"fullName":"live board feed copy renders concise per-event lines with real outcomes","status":"passed","title":"renders concise per-event lines with real outcomes","duration":1.0141999999999598,"failureMessages":[],"meta":{},"tags":[]},{"ancestorTitles":["live board feed copy"],"fullName":"live board feed copy uses the headline for division war cards","status":"passed","title":"uses the headline for division war cards","duration":0.8923000000000911,"failureMessages":[],"meta":{},"tags":[]},{"ancestorTitles":["live board feed copy"],"fullName":"live board feed copy formats compact relative times","status":"passed","title":"formats compact relative times","duration":1.0664000000000442,"failureMessages":[],"meta":{},"tags":[]}],"startTime":1784349428342,"endTime":1784349428362.0664,"status":"passed","message":"","name":"C:/Users/madat/Desktop/otams/tests/unit/live-board-events-pure.test.ts"},{"assertionResults":[{"ancestorTitles":["live board messages"],"fullName":"live board messages formats verified attempt copy","status":"passed","title":"formats verified attempt copy","duration":5.813300000000027,"failureMessages":[],"meta":{},"tags":[]},{"ancestorTitles":["live board messages"],"fullName":"live board messages formats rank advance and breakthrough copy","status":"passed","title":"formats rank advance and breakthrough copy","duration":0.9626999999999271,"failureMessages":[],"meta":{},"tags":[]},{"ancestorTitles":["live board messages"],"fullName":"live board messages formats relative time ago","status":"passed","title":"formats relative time ago","duration":0.8785000000000309,"failureMessages":[],"meta":{},"tags":[]},{"ancestorTitles":["live board messages"],"fullName":"live board messages keeps arena CTA pointed at guest try","status":"passed","title":"keeps arena CTA pointed at guest try","duration":0.9655999999999949,"failureMessages":[],"meta":{},"tags":[]}],"startTime":1784349449831,"endTime":1784349449838.9656,"status":"passed","message":"","name":"C:/Users/madat/Desktop/otams/tests/unit/live-board-messages-pure.test.ts"},{"assertionResults":[{"ancestorTitles":["buildArenaLeaderProfile"],"fullName":"buildArenaLeaderProfile uses XP account rank for badge tier, not percentile-inflated tier","status":"passed","title":"uses XP account rank for badge tier, not percentile-inflated tier","duration":7.386199999999917,"failureMessages":[],"meta":{},"tags":[]},{"ancestorTitles":["buildArenaLeaderProfile"],"fullName":"buildArenaLeaderProfile falls back to username initial when display name is generic","status":"passed","title":"falls back to username initial when display name is generic","duration":1.1853000000000975,"failureMessages":[],"meta":{},"tags":[]},{"ancestorTitles":["resolveAvatarFromAuthMetadata"],"fullName":"resolveAvatarFromAuthMetadata reads Google picture metadata","status":"passed","title":"reads Google picture metadata","duration":0.9057000000000244,"failureMessages":[],"meta":{},"tags":[]}],"startTime":1784349451093,"endTime":1784349451103.9058,"status":"passed","message":"","name":"C:/Users/madat/Desktop/otams/tests/unit/load-arena-leader-profile.test.ts"},{"assertionResults":[{"ancestorTitles":["buildLoopClosureFunnel"],"fullName":"buildLoopClosureFunnel counts scheduled, due, completed, and positive delta","status":"passed","title":"counts scheduled, due, completed, and positive delta","duration":7.621199999999817,"failureMessages":[],"meta":{},"tags":[]},{"ancestorTitles":["lockedLoopPreviewCount"],"fullName":"lockedLoopPreviewCount returns hidden row count for free preview","status":"passed","title":"returns hidden row count for free preview","duration":1.1675000000000182,"failureMessages":[],"meta":{},"tags":[]}],"startTime":1784349449654,"endTime":1784349449663.1675,"status":"passed","message":"","name":"C:/Users/madat/Desktop/otams/tests/unit/loop-report-funnel-pure.test.ts"},{"assertionResults":[{"ancestorTitles":["loop-sla-pure"],"fullName":"loop-sla-pure detects failed coaching loops","status":"passed","title":"detects failed coaching loops","duration":6.518399999999929,"failureMessages":[],"meta":{},"tags":[]},{"ancestorTitles":["loop-sla-pure"],"fullName":"loop-sla-pure requires 7 days after retest completion","status":"passed","title":"requires 7 days after retest completion","duration":3.4241000000001804,"failureMessages":[],"meta":{},"tags":[]},{"ancestorTitles":["loop-sla-pure"],"fullName":"loop-sla-pure builds idempotent grant key","status":"passed","title":"builds idempotent grant key","duration":0.6571000000001277,"failureMessages":[],"meta":{},"tags":[]},{"ancestorTitles":["loop-sla-pure"],"fullName":"loop-sla-pure acceptance: failed loop copy restores credit","status":"passed","title":"acceptance: failed loop copy restores credit","duration":1.1748000000000047,"failureMessages":[],"meta":{},"tags":[]}],"startTime":1784349441571,"endTime":1784349441583.1748,"status":"passed","message":"","name":"C:/Users/madat/Desktop/otams/tests/unit/loop-sla-pure.test.ts"},{"assertionResults":[{"ancestorTitles":["summarizeMasteryGrid"],"fullName":"summarizeMasteryGrid counts states and progress percent","status":"passed","title":"counts states and progress percent","duration":7.692000000000007,"failureMessages":[],"meta":{},"tags":[]},{"ancestorTitles":["pickWeakestMasteryNodes"],"fullName":"pickWeakestMasteryNodes returns lowest accuracy attempted nodes","status":"passed","title":"returns lowest accuracy attempted nodes","duration":2.9851999999998498,"failureMessages":[],"meta":{},"tags":[]},{"ancestorTitles":["pickPrimaryWeakestMasteryNode"],"fullName":"pickPrimaryWeakestMasteryNode returns the single lowest-accuracy attempted node","status":"passed","title":"returns the single lowest-accuracy attempted node","duration":0.7097000000001117,"failureMessages":[],"meta":{},"tags":[]},{"ancestorTitles":["pickDefaultMasteryUnitNumber"],"fullName":"pickDefaultMasteryUnitNumber prefers the unit with the most open skills","status":"passed","title":"prefers the unit with the most open skills","duration":0.97199999999998,"failureMessages":[],"meta":{},"tags":[]},{"ancestorTitles":["filterMasteryNodesByQuery"],"fullName":"filterMasteryNodesByQuery matches node names and slugs case-insensitively","status":"passed","title":"matches node names and slugs case-insensitively","duration":3.1983999999999924,"failureMessages":[],"meta":{},"tags":[]}],"startTime":1784349425105,"endTime":1784349425123.1985,"status":"passed","message":"","name":"C:/Users/madat/Desktop/otams/tests/unit/mastery-grid-summary.test.ts"},{"assertionResults":[{"ancestorTitles":["mastery-node-detail-pure"],"fullName":"mastery-node-detail-pure maps better-than to top percent with bounds","status":"passed","title":"maps better-than to top percent with bounds","duration":57.29449999999997,"failureMessages":[],"meta":{},"tags":[]},{"ancestorTitles":["mastery-node-detail-pure"],"fullName":"mastery-node-detail-pure uses full state labels instead of truncated words","status":"passed","title":"uses full state labels instead of truncated words","duration":1.412499999999909,"failureMessages":[],"meta":{},"tags":[]},{"ancestorTitles":["mastery-node-detail-pure"],"fullName":"mastery-node-detail-pure shows practice accuracy with attempt counts","status":"passed","title":"shows practice accuracy with attempt counts","duration":1.0833000000002357,"failureMessages":[],"meta":{},"tags":[]},{"ancestorTitles":["mastery-node-detail-pure"],"fullName":"mastery-node-detail-pure shows per-node top percent when peer snapshot exists","status":"passed","title":"shows per-node top percent when peer snapshot exists","duration":1.0751000000000204,"failureMessages":[],"meta":{},"tags":[]},{"ancestorTitles":["mastery-node-detail-pure"],"fullName":"mastery-node-detail-pure shows overall rank top percent when calibrated","status":"passed","title":"shows overall rank top percent when calibrated","duration":1.0783999999998741,"failureMessages":[],"meta":{},"tags":[]},{"ancestorTitles":["mastery-node-detail-pure"],"fullName":"mastery-node-detail-pure routes proficient nodes to quest and weak nodes to practice","status":"passed","title":"routes proficient nodes to quest and weak nodes to practice","duration":2.709599999999682,"failureMessages":[],"meta":{},"tags":[]},{"ancestorTitles":["mastery-node-detail-pure"],"fullName":"mastery-node-detail-pure explains unverified nodes in verdict copy","status":"passed","title":"explains unverified nodes in verdict copy","duration":1.2388999999998305,"failureMessages":[],"meta":{},"tags":[]}],"startTime":1784349438693,"endTime":1784349438759.239,"status":"passed","message":"","name":"C:/Users/madat/Desktop/otams/tests/unit/mastery-node-detail-pure.test.ts"},{"assertionResults":[{"ancestorTitles":["math input pure"],"fullName":"math input pure converts polynomial shorthand for KaTeX preview","status":"passed","title":"converts polynomial shorthand for KaTeX preview","duration":9.714799999999968,"failureMessages":[],"meta":{},"tags":[]},{"ancestorTitles":["math input pure"],"fullName":"math input pure converts sqrt and trig calls","status":"passed","title":"converts sqrt and trig calls","duration":2.397299999999973,"failureMessages":[],"meta":{},"tags":[]},{"ancestorTitles":["math input pure"],"fullName":"math input pure normalizes grading expressions for symbolic engine","status":"passed","title":"normalizes grading expressions for symbolic engine","duration":1.0768999999999096,"failureMessages":[],"meta":{},"tags":[]},{"ancestorTitles":["math input pure"],"fullName":"math input pure keeps retry feedback brief","status":"passed","title":"keeps retry feedback brief","duration":0.9741999999999962,"failureMessages":[],"meta":{},"tags":[]},{"ancestorTitles":["math input KaTeX preview smoke"],"fullName":"math input KaTeX preview smoke renders 3x^2 + 2x without parse errors","status":"passed","title":"renders 3x^2 + 2x without parse errors","duration":99.48469999999998,"failureMessages":[],"meta":{},"tags":[]}],"startTime":1784349413944,"endTime":1784349414059.4846,"status":"passed","message":"","name":"C:/Users/madat/Desktop/otams/tests/unit/math-input-pure.test.ts"},{"assertionResults":[{"ancestorTitles":["buildMomentumActionQueue"],"fullName":"buildMomentumActionQueue prioritizes due retest with deep link CTA","status":"passed","title":"prioritizes due retest with deep link CTA","duration":7.998499999999922,"failureMessages":[],"meta":{},"tags":[]},{"ancestorTitles":["buildMomentumActionQueue"],"fullName":"buildMomentumActionQueue dedupes closed loop when same node is due for retest","status":"passed","title":"dedupes closed loop when same node is due for retest","duration":3.3805999999999585,"failureMessages":[],"meta":{},"tags":[]},{"ancestorTitles":["buildMomentumActionQueue"],"fullName":"buildMomentumActionQueue limits free users to one row with upsell","status":"passed","title":"limits free users to one row with upsell","duration":1.1259999999999764,"failureMessages":[],"meta":{},"tags":[]}],"startTime":1784349442066,"endTime":1784349442079.126,"status":"passed","message":"","name":"C:/Users/madat/Desktop/otams/tests/unit/momentum-action-queue-pure.test.ts"},{"assertionResults":[{"ancestorTitles":["isMomentumCompMember"],"fullName":"isMomentumCompMember matches trapdimej by email local part","status":"passed","title":"matches trapdimej by email local part","duration":10.864599999999882,"failureMessages":[],"meta":{},"tags":[]},{"ancestorTitles":["isMomentumCompMember"],"fullName":"isMomentumCompMember matches trapdime by email local part","status":"passed","title":"matches trapdime by email local part","duration":1.1875,"failureMessages":[],"meta":{},"tags":[]},{"ancestorTitles":["isMomentumCompMember"],"fullName":"isMomentumCompMember matches trapdimej display name","status":"passed","title":"matches trapdimej display name","duration":0.938499999999749,"failureMessages":[],"meta":{},"tags":[]},{"ancestorTitles":["isMomentumCompMember"],"fullName":"isMomentumCompMember rejects unrelated accounts","status":"passed","title":"rejects unrelated accounts","duration":0.694300000000112,"failureMessages":[],"meta":{},"tags":[]},{"ancestorTitles":["resolveMomentumActive"],"fullName":"resolveMomentumActive treats comp members as active without Stripe","status":"passed","title":"treats comp members as active without Stripe","duration":0.6323000000002139,"failureMessages":[],"meta":{},"tags":[]},{"ancestorTitles":["resolveMomentumActive"],"fullName":"resolveMomentumActive still requires active subscription when not comp","status":"passed","title":"still requires active subscription when not comp","duration":0.6467000000002372,"failureMessages":[],"meta":{},"tags":[]},{"ancestorTitles":["momentumCompRenewalLabel"],"fullName":"momentumCompRenewalLabel returns comp copy for comp members","status":"passed","title":"returns comp copy for comp members","duration":0.940599999999904,"failureMessages":[],"meta":{},"tags":[]}],"startTime":1784349435525,"endTime":1784349435541.9407,"status":"passed","message":"","name":"C:/Users/madat/Desktop/otams/tests/unit/momentum-comp-members-pure.test.ts"},{"assertionResults":[{"ancestorTitles":["buildMomentumMembershipExclusivePerks"],"fullName":"buildMomentumMembershipExclusivePerks lists every Momentum-only row from the pricing comparison table","status":"passed","title":"lists every Momentum-only row from the pricing comparison table","duration":16.092200000000048,"failureMessages":[],"meta":{},"tags":[]},{"ancestorTitles":["buildMomentumMembershipExclusivePerks"],"fullName":"buildMomentumMembershipExclusivePerks includes only tangible membership perks","status":"passed","title":"includes only tangible membership perks","duration":4.959399999999732,"failureMessages":[],"meta":{},"tags":[]}],"startTime":1784349439838,"endTime":1784349439858.9595,"status":"passed","message":"","name":"C:/Users/madat/Desktop/otams/tests/unit/momentum-membership-perks-pure.test.ts"},{"assertionResults":[{"ancestorTitles":["buildPackGoalVerdict"],"fullName":"buildPackGoalVerdict recommends pack when exam is soon and credits fall short","status":"passed","title":"recommends pack when exam is soon and credits fall short","duration":6.645699999999806,"failureMessages":[],"meta":{},"tags":[]},{"ancestorTitles":["buildPackGoalVerdict"],"fullName":"buildPackGoalVerdict returns null when exam is far out","status":"passed","title":"returns null when exam is far out","duration":0.9433999999998832,"failureMessages":[],"meta":{},"tags":[]},{"ancestorTitles":["buildPackGoalVerdict"],"fullName":"buildPackGoalVerdict suggests optional pack when monthly credits cover runway","status":"passed","title":"suggests optional pack when monthly credits cover runway","duration":0.8302000000001044,"failureMessages":[],"meta":{},"tags":[]}],"startTime":1784349425698,"endTime":1784349425706.83,"status":"passed","message":"","name":"C:/Users/madat/Desktop/otams/tests/unit/momentum-membership-pure.test.ts"},{"assertionResults":[{"ancestorTitles":["buildMomentumRoiSummary"],"fullName":"buildMomentumRoiSummary shows annual savings of $219 on 12 sessions","status":"passed","title":"shows annual savings of $219 on 12 sessions","duration":90.62739999999997,"failureMessages":[],"meta":{},"tags":[]},{"ancestorTitles":["buildMomentumRoiSummary"],"fullName":"buildMomentumRoiSummary shows monthly year-equivalent savings","status":"passed","title":"shows monthly year-equivalent savings","duration":3.0511999999999944,"failureMessages":[],"meta":{},"tags":[]},{"ancestorTitles":["buildMomentumRoiSummary"],"fullName":"buildMomentumRoiSummary ends with verdict and next action","status":"passed","title":"ends with verdict and next action","duration":1.9846999999999753,"failureMessages":[],"meta":{},"tags":[]}],"startTime":1784349415310,"endTime":1784349415405.9846,"status":"passed","message":"","name":"C:/Users/madat/Desktop/otams/tests/unit/momentum-roi-pure.test.ts"},{"assertionResults":[{"ancestorTitles":["identifyTrajectoryBottleneck"],"fullName":"identifyTrajectoryBottleneck flags retest closure as bottleneck when lowest","status":"passed","title":"flags retest closure as bottleneck when lowest","duration":6.511199999999917,"failureMessages":[],"meta":{},"tags":[]},{"ancestorTitles":["trajectoryWeekOverWeekDelta"],"fullName":"trajectoryWeekOverWeekDelta formats positive movement","status":"passed","title":"formats positive movement","duration":0.9287999999999101,"failureMessages":[],"meta":{},"tags":[]},{"ancestorTitles":["trajectoryWeekOverWeekDelta"],"fullName":"trajectoryWeekOverWeekDelta formats stalled movement","status":"passed","title":"formats stalled movement","duration":0.6077000000000226,"failureMessages":[],"meta":{},"tags":[]},{"ancestorTitles":["trajectoryScoreBand"],"fullName":"trajectoryScoreBand maps score to band","status":"passed","title":"maps score to band","duration":0.762000000000171,"failureMessages":[],"meta":{},"tags":[]},{"ancestorTitles":["buildGoalRunwaySummary"],"fullName":"buildGoalRunwaySummary marks behind pace when weekly actual is low","status":"passed","title":"marks behind pace when weekly actual is low","duration":1.1628000000000611,"failureMessages":[],"meta":{},"tags":[]}],"startTime":1784349448243,"endTime":1784349448254.1628,"status":"passed","message":"","name":"C:/Users/madat/Desktop/otams/tests/unit/momentum-trajectory-enrichment-pure.test.ts"},{"assertionResults":[{"ancestorTitles":["retestQuestHref"],"fullName":"retestQuestHref deep links to node retest","status":"passed","title":"deep links to node retest","duration":7.323199999999815,"failureMessages":[],"meta":{},"tags":[]},{"ancestorTitles":["buildRetestGuidedAction"],"fullName":"buildRetestGuidedAction surfaces value equation chips with trajectory lift","status":"passed","title":"surfaces value equation chips with trajectory lift","duration":1.5014000000001033,"failureMessages":[],"meta":{},"tags":[]},{"ancestorTitles":["buildMomentumPlaybook"],"fullName":"buildMomentumPlaybook picks due retest as primary move","status":"passed","title":"picks due retest as primary move","duration":3.489599999999882,"failureMessages":[],"meta":{},"tags":[]},{"ancestorTitles":["buildMomentumPlaybook"],"fullName":"buildMomentumPlaybook picks expiring credit when no retest due","status":"passed","title":"picks expiring credit when no retest due","duration":1.802699999999959,"failureMessages":[],"meta":{},"tags":[]},{"ancestorTitles":["daysUntilCreditExpiry"],"fullName":"daysUntilCreditExpiry returns days until month end","status":"passed","title":"returns days until month end","duration":1.1802000000000135,"failureMessages":[],"meta":{},"tags":[]}],"startTime":1784349434193,"endTime":1784349434210.1802,"status":"passed","message":"","name":"C:/Users/madat/Desktop/otams/tests/unit/momentum-value-equation-pure.test.ts"},{"assertionResults":[{"ancestorTitles":["buildMonthlyMovementRollup"],"fullName":"buildMonthlyMovementRollup aggregates verified nodes and loops across receipts","status":"passed","title":"aggregates verified nodes and loops across receipts","duration":8.097800000000007,"failureMessages":[],"meta":{},"tags":[]},{"ancestorTitles":["buildMonthlyMovementRollup"],"fullName":"buildMonthlyMovementRollup nudges when multiple weeks left unused credit","status":"passed","title":"nudges when multiple weeks left unused credit","duration":1.0048000000001593,"failureMessages":[],"meta":{},"tags":[]}],"startTime":1784349456473,"endTime":1784349456482.005,"status":"passed","message":"","name":"C:/Users/madat/Desktop/otams/tests/unit/movement-receipt-monthly-rollup-pure.test.ts"},{"assertionResults":[{"ancestorTitles":["buildMovementReceiptVerdict"],"fullName":"buildMovementReceiptVerdict prioritizes due retest","status":"passed","title":"prioritizes due retest","duration":8.407200000000103,"failureMessages":[],"meta":{},"tags":[]},{"ancestorTitles":["buildMovementReceiptVerdict"],"fullName":"buildMovementReceiptVerdict surfaces unused session credit for Momentum","status":"passed","title":"surfaces unused session credit for Momentum","duration":1.5517999999999574,"failureMessages":[],"meta":{},"tags":[]},{"ancestorTitles":["buildMovementReceiptVerdict"],"fullName":"buildMovementReceiptVerdict prioritizes sprint pack credits in verdict","status":"passed","title":"prioritizes sprint pack credits in verdict","duration":1.2192000000000007,"failureMessages":[],"meta":{},"tags":[]},{"ancestorTitles":["buildMovementReceiptVerdict"],"fullName":"buildMovementReceiptVerdict celebrates grid movement with pace","status":"passed","title":"celebrates grid movement with pace","duration":0.6504999999999654,"failureMessages":[],"meta":{},"tags":[]},{"ancestorTitles":["buildMovementReceiptVerdict"],"fullName":"buildMovementReceiptVerdict upsells Momentum on stall for free users","status":"passed","title":"upsells Momentum on stall for free users","duration":0.9127000000000862,"failureMessages":[],"meta":{},"tags":[]},{"ancestorTitles":["buildMovementReceiptVerdict"],"fullName":"buildMovementReceiptVerdict weaves peer velocity into verdict for Momentum","status":"passed","title":"weaves peer velocity into verdict for Momentum","duration":0.8903999999999996,"failureMessages":[],"meta":{},"tags":[]},{"ancestorTitles":["buildMovementReceiptDetailLines"],"fullName":"buildMovementReceiptDetailLines includes grid, credit, and retest lines for Momentum","status":"passed","title":"includes grid, credit, and retest lines for Momentum","duration":1.9492999999999938,"failureMessages":[],"meta":{},"tags":[]},{"ancestorTitles":["formatGridMovementLine"],"fullName":"formatGridMovementLine strips grid movement from hub verdict copy","status":"passed","title":"strips grid movement from hub verdict copy","duration":1.3114000000000487,"failureMessages":[],"meta":{},"tags":[]},{"ancestorTitles":["formatGridMovementLine"],"fullName":"formatGridMovementLine flags grid detail lines for icon replacement","status":"passed","title":"flags grid detail lines for icon replacement","duration":1.7634999999997945,"failureMessages":[],"meta":{},"tags":[]},{"ancestorTitles":["movementReceiptEmailSubject"],"fullName":"movementReceiptEmailSubject uses verified count when movement happened","status":"passed","title":"uses verified count when movement happened","duration":0.9184999999999945,"failureMessages":[],"meta":{},"tags":[]}],"startTime":1784349429580,"endTime":1784349429601.9185,"status":"passed","message":"","name":"C:/Users/madat/Desktop/otams/tests/unit/movement-receipt-pure.test.ts"},{"assertionResults":[{"ancestorTitles":["multi-part-pure"],"fullName":"multi-part-pure parses multi-part solution_steps arrays","status":"passed","title":"parses multi-part solution_steps arrays","duration":12.054699999999912,"failureMessages":[],"meta":{},"tags":[]},{"ancestorTitles":["multi-part-pure"],"fullName":"multi-part-pure locks later parts until earlier ones finish","status":"passed","title":"locks later parts until earlier ones finish","duration":1.4881000000000313,"failureMessages":[],"meta":{},"tags":[]},{"ancestorTitles":["multi-part-pure"],"fullName":"multi-part-pure allows retries then carries forward the correct answer","status":"passed","title":"allows retries then carries forward the correct answer","duration":2.8902999999997974,"failureMessages":[],"meta":{},"tags":[]},{"ancestorTitles":["multi-part-pure"],"fullName":"multi-part-pure awards partial XP from parts correct","status":"passed","title":"awards partial XP from parts correct","duration":1.1994999999999436,"failureMessages":[],"meta":{},"tags":[]}],"startTime":1784349436970,"endTime":1784349436988.1995,"status":"passed","message":"","name":"C:/Users/madat/Desktop/otams/tests/unit/multi-part-pure.test.ts"},{"assertionResults":[{"ancestorTitles":["pack-sprint-pure"],"fullName":"pack-sprint-pure expires pack credits 90 days after grant","status":"passed","title":"expires pack credits 90 days after grant","duration":8.388100000000122,"failureMessages":[],"meta":{},"tags":[]},{"ancestorTitles":["pack-sprint-pure"],"fullName":"pack-sprint-pure formats sprint receipt line","status":"passed","title":"formats sprint receipt line","duration":0.855199999999968,"failureMessages":[],"meta":{},"tags":[]},{"ancestorTitles":["pack-sprint-pure"],"fullName":"pack-sprint-pure consumes pack credit before monthly when pack expires sooner","status":"passed","title":"consumes pack credit before monthly when pack expires sooner","duration":1.107300000000123,"failureMessages":[],"meta":{},"tags":[]},{"ancestorTitles":["pack-sprint-pure"],"fullName":"pack-sprint-pure consumes monthly credit when it expires before pack","status":"passed","title":"consumes monthly credit when it expires before pack","duration":0.9956999999999425,"failureMessages":[],"meta":{},"tags":[]},{"ancestorTitles":["pack-sprint-pure"],"fullName":"pack-sprint-pure returns null pack sprint state when expired","status":"passed","title":"returns null pack sprint state when expired","duration":1.0695999999998094,"failureMessages":[],"meta":{},"tags":[]},{"ancestorTitles":["pack-sprint-pure"],"fullName":"pack-sprint-pure monthly credit expires at end of UTC month","status":"passed","title":"monthly credit expires at end of UTC month","duration":0.5491000000001804,"failureMessages":[],"meta":{},"tags":[]}],"startTime":1784349438749,"endTime":1784349438762.549,"status":"passed","message":"","name":"C:/Users/madat/Desktop/otams/tests/unit/pack-sprint-pure.test.ts"},{"assertionResults":[{"ancestorTitles":["peer-velocity-pure"],"fullName":"peer-velocity-pure computes median","status":"passed","title":"computes median","duration":6.33809999999994,"failureMessages":[],"meta":{},"tags":[]},{"ancestorTitles":["peer-velocity-pure"],"fullName":"peer-velocity-pure requires minimum cohort sample","status":"passed","title":"requires minimum cohort sample","duration":1.0412000000001171,"failureMessages":[],"meta":{},"tags":[]},{"ancestorTitles":["peer-velocity-pure"],"fullName":"peer-velocity-pure builds cohort comparison line","status":"passed","title":"builds cohort comparison line","duration":1.255600000000186,"failureMessages":[],"meta":{},"tags":[]}],"startTime":1784349443650,"endTime":1784349443659.2556,"status":"passed","message":"","name":"C:/Users/madat/Desktop/otams/tests/unit/peer-velocity-pure.test.ts"},{"assertionResults":[{"ancestorTitles":["deterministic pre-session brief"],"fullName":"deterministic pre-session brief picks overlap between weakest student nodes and guide impact nodes","status":"passed","title":"picks overlap between weakest student nodes and guide impact nodes","duration":7.83809999999994,"failureMessages":[],"meta":{},"tags":[]},{"ancestorTitles":["deterministic pre-session brief"],"fullName":"deterministic pre-session brief falls back to the weakest verified gap when there is no overlap","status":"passed","title":"falls back to the weakest verified gap when there is no overlap","duration":0.8636000000001332,"failureMessages":[],"meta":{},"tags":[]},{"ancestorTitles":["deterministic pre-session brief"],"fullName":"deterministic pre-session brief merges latest practice attempt timestamps onto gaps","status":"passed","title":"merges latest practice attempt timestamps onto gaps","duration":1.0509000000001834,"failureMessages":[],"meta":{},"tags":[]},{"ancestorTitles":["deterministic pre-session brief"],"fullName":"deterministic pre-session brief maps receipt fields into the stored brief shape without AI prose","status":"passed","title":"maps receipt fields into the stored brief shape without AI prose","duration":4.183299999999917,"failureMessages":[],"meta":{},"tags":[]}],"startTime":1784349429576,"endTime":1784349429590.1833,"status":"passed","message":"","name":"C:/Users/madat/Desktop/otams/tests/unit/pre-session-brief.test.ts"},{"assertionResults":[{"ancestorTitles":["projectTrajectoryLiftIfOverdueClosed"],"fullName":"projectTrajectoryLiftIfOverdueClosed projects lift when closing an overdue retest","status":"passed","title":"projects lift when closing an overdue retest","duration":7.276399999999967,"failureMessages":[],"meta":{},"tags":[]},{"ancestorTitles":["buildLoopVelocityIndex"],"fullName":"buildLoopVelocityIndex scores faster closure higher than cohort","status":"passed","title":"scores faster closure higher than cohort","duration":1.5540000000000873,"failureMessages":[],"meta":{},"tags":[]},{"ancestorTitles":["buildOpenLoopProofSteps"],"fullName":"buildOpenLoopProofSteps marks retest as current when due","status":"passed","title":"marks retest as current when due","duration":7.305100000000039,"failureMessages":[],"meta":{},"tags":[]},{"ancestorTitles":["buildProofChainPanelData"],"fullName":"buildProofChainPanelData returns teaser for free users","status":"passed","title":"returns teaser for free users","duration":1.1666999999999916,"failureMessages":[],"meta":{},"tags":[]},{"ancestorTitles":["stallDaysSince"],"fullName":"stallDaysSince counts full days overdue","status":"passed","title":"counts full days overdue","duration":0.8048999999998614,"failureMessages":[],"meta":{},"tags":[]}],"startTime":1784349430951,"endTime":1784349430970.805,"status":"passed","message":"","name":"C:/Users/madat/Desktop/otams/tests/unit/proof-chain-pure.test.ts"},{"assertionResults":[{"ancestorTitles":["quest-stimulus-pure"],"fullName":"quest-stimulus-pure parses table and function graph stimulus","status":"passed","title":"parses table and function graph stimulus","duration":10.602300000000014,"failureMessages":[],"meta":{},"tags":[]},{"ancestorTitles":["quest-stimulus-pure"],"fullName":"quest-stimulus-pure builds midpoint Riemann bar centers","status":"passed","title":"builds midpoint Riemann bar centers","duration":3.871699999999919,"failureMessages":[],"meta":{},"tags":[]},{"ancestorTitles":["quest-stimulus-pure"],"fullName":"quest-stimulus-pure samples curve points with an evaluate callback","status":"passed","title":"samples curve points with an evaluate callback","duration":2.095399999999927,"failureMessages":[],"meta":{},"tags":[]},{"ancestorTitles":["quest-stimulus-pure"],"fullName":"quest-stimulus-pure infers domain from points","status":"passed","title":"infers domain from points","duration":1.4068999999999505,"failureMessages":[],"meta":{},"tags":[]},{"ancestorTitles":["quest-stimulus-pure"],"fullName":"quest-stimulus-pure auto-builds table and midpoint graph from prompt markdown","status":"passed","title":"auto-builds table and midpoint graph from prompt markdown","duration":5.313999999999851,"failureMessages":[],"meta":{},"tags":[]},{"ancestorTitles":["quest-stimulus-pure"],"fullName":"quest-stimulus-pure graphs an explicit function expression from the prompt","status":"passed","title":"graphs an explicit function expression from the prompt","duration":1.3566000000000713,"failureMessages":[],"meta":{},"tags":[]}],"startTime":1784349423845,"endTime":1784349423870.3567,"status":"passed","message":"","name":"C:/Users/madat/Desktop/otams/tests/unit/quest-stimulus-pure.test.ts"},{"assertionResults":[{"ancestorTitles":["rematch-badge-pure"],"fullName":"rematch-badge-pure formats badge label at 50%+","status":"passed","title":"formats badge label at 50%+","duration":6.274300000000039,"failureMessages":[],"meta":{},"tags":[]},{"ancestorTitles":["rematch-badge-pure"],"fullName":"rematch-badge-pure prefers matching student nodes","status":"passed","title":"prefers matching student nodes","duration":1.6229000000000724,"failureMessages":[],"meta":{},"tags":[]}],"startTime":1784349458902,"endTime":1784349458910.6228,"status":"passed","message":"","name":"C:/Users/madat/Desktop/otams/tests/unit/rematch-badge-pure.test.ts"},{"assertionResults":[{"ancestorTitles":["security-headers-pure"],"fullName":"security-headers-pure builds production CSP without unsafe-inline or unsafe-eval in script-src","status":"passed","title":"builds production CSP without unsafe-inline or unsafe-eval in script-src","duration":8.371599999999944,"failureMessages":[],"meta":{},"tags":[]},{"ancestorTitles":["security-headers-pure"],"fullName":"security-headers-pure allows unsafe-eval only in development","status":"passed","title":"allows unsafe-eval only in development","duration":1.0587000000000444,"failureMessages":[],"meta":{},"tags":[]},{"ancestorTitles":["security-headers-pure"],"fullName":"security-headers-pure respects frame-ancestors override","status":"passed","title":"respects frame-ancestors override","duration":0.8330999999999449,"failureMessages":[],"meta":{},"tags":[]},{"ancestorTitles":["security-headers-pure"],"fullName":"security-headers-pure omits unrecognized Permissions-Policy features","status":"passed","title":"omits unrecognized Permissions-Policy features","duration":0.8343000000000984,"failureMessages":[],"meta":{},"tags":[]},{"ancestorTitles":["security-headers-pure"],"fullName":"security-headers-pure creates unique nonces","status":"passed","title":"creates unique nonces","duration":8.26909999999998,"failureMessages":[],"meta":{},"tags":[]},{"ancestorTitles":["security-headers-pure"],"fullName":"security-headers-pure identifies public CORS feed paths only","status":"passed","title":"identifies public CORS feed paths only","duration":1.0282999999999447,"failureMessages":[],"meta":{},"tags":[]}],"startTime":1784349426709,"endTime":1784349426731.0283,"status":"passed","message":"","name":"C:/Users/madat/Desktop/otams/tests/unit/security-headers-pure.test.ts"},{"assertionResults":[{"ancestorTitles":["select-guest-step-trace-pure"],"fullName":"select-guest-step-trace-pure prioritizes unit 1–3 chain and limit nodes","status":"passed","title":"prioritizes unit 1–3 chain and limit nodes","duration":7.834299999999985,"failureMessages":[],"meta":{},"tags":[]},{"ancestorTitles":["select-guest-step-trace-pure"],"fullName":"select-guest-step-trace-pure picks deterministically from the same seed","status":"passed","title":"picks deterministically from the same seed","duration":5.018000000000029,"failureMessages":[],"meta":{},"tags":[]},{"ancestorTitles":["select-guest-step-trace-pure"],"fullName":"select-guest-step-trace-pure changes pick when the session seed changes","status":"passed","title":"changes pick when the session seed changes","duration":1.6010999999998603,"failureMessages":[],"meta":{},"tags":[]},{"ancestorTitles":["select-guest-step-trace-pure"],"fullName":"select-guest-step-trace-pure maps hash to a stable index","status":"passed","title":"maps hash to a stable index","duration":1.2638999999999214,"failureMessages":[],"meta":{},"tags":[]}],"startTime":1784349446187,"endTime":1784349446202.264,"status":"passed","message":"","name":"C:/Users/madat/Desktop/otams/tests/unit/select-guest-step-trace-pure.test.ts"},{"assertionResults":[{"ancestorTitles":["buildSessionCreditsHubVerdict"],"fullName":"buildSessionCreditsHubVerdict prioritizes sprint pack in verdict","status":"passed","title":"prioritizes sprint pack in verdict","duration":6.089399999999955,"failureMessages":[],"meta":{},"tags":[]}],"startTime":1784349459422,"endTime":1784349459428.0894,"status":"passed","message":"","name":"C:/Users/madat/Desktop/otams/tests/unit/session-credits-display-pure.test.ts"},{"assertionResults":[{"ancestorTitles":["session-credits-pure"],"fullName":"session-credits-pure uses the first UTC day of the month","status":"passed","title":"uses the first UTC day of the month","duration":6.113599999999906,"failureMessages":[],"meta":{},"tags":[]},{"ancestorTitles":["session-credits-pure"],"fullName":"session-credits-pure builds stable redemption idempotency keys","status":"passed","title":"builds stable redemption idempotency keys","duration":0.9036000000000968,"failureMessages":[],"meta":{},"tags":[]},{"ancestorTitles":["session-credits-pure"],"fullName":"session-credits-pure sums monthly credits across grant sources for the same period","status":"passed","title":"sums monthly credits across grant sources for the same period","duration":0.9529999999999745,"failureMessages":[],"meta":{},"tags":[]},{"ancestorTitles":["session-credits-pure"],"fullName":"session-credits-pure picks the soonest-expiring monthly row for consumption","status":"passed","title":"picks the soonest-expiring monthly row for consumption","duration":0.9740999999999076,"failureMessages":[],"meta":{},"tags":[]}],"startTime":1784349451193,"endTime":1784349451201.974,"status":"passed","message":"","name":"C:/Users/madat/Desktop/otams/tests/unit/session-credits-pure.test.ts"},{"assertionResults":[{"ancestorTitles":["parseSolutionSteps"],"fullName":"parseSolutionSteps parses and sorts steps","status":"passed","title":"parses and sorts steps","duration":9.580400000000054,"failureMessages":[],"meta":{},"tags":[]},{"ancestorTitles":["findDivergeStepIndex"],"fullName":"findDivergeStepIndex marks first step student misses while correct answer aligns","status":"passed","title":"marks first step student misses while correct answer aligns","duration":2.3320999999999685,"failureMessages":[],"meta":{},"tags":[]},{"ancestorTitles":["findDivergeStepIndex"],"fullName":"findDivergeStepIndex falls back to first critical step","status":"passed","title":"falls back to first critical step","duration":0.6035000000000537,"failureMessages":[],"meta":{},"tags":[]},{"ancestorTitles":["diffExpressionParts"],"fullName":"diffExpressionParts highlights first mismatching token","status":"passed","title":"highlights first mismatching token","duration":1.3158999999999423,"failureMessages":[],"meta":{},"tags":[]},{"ancestorTitles":["matchPartialCredit"],"fullName":"matchPartialCredit returns partial summary when pattern matches","status":"passed","title":"returns partial summary when pattern matches","duration":1.3103999999999587,"failureMessages":[],"meta":{},"tags":[]},{"ancestorTitles":["resolveCorrectAnswerExpression"],"fullName":"resolveCorrectAnswerExpression prefers answer_expression then option then final step","status":"passed","title":"prefers answer_expression then option then final step","duration":1.645399999999995,"failureMessages":[],"meta":{},"tags":[]},{"ancestorTitles":["expressionAligns"],"fullName":"expressionAligns treats substring overlap as aligned","status":"passed","title":"treats substring overlap as aligned","duration":1.1352000000000544,"failureMessages":[],"meta":{},"tags":[]}],"startTime":1784349428940,"endTime":1784349428961.1353,"status":"passed","message":"","name":"C:/Users/madat/Desktop/otams/tests/unit/step-feedback-pure.test.ts"},{"assertionResults":[{"ancestorTitles":["pickStudentHubDoNext"],"fullName":"pickStudentHubDoNext returns Beat Line when a rival is in range","status":"passed","title":"returns Beat Line when a rival is in range","duration":6.919800000000123,"failureMessages":[],"meta":{},"tags":[]},{"ancestorTitles":["pickStudentHubDoNext"],"fullName":"pickStudentHubDoNext returns null when Beat Line is unavailable","status":"passed","title":"returns null when Beat Line is unavailable","duration":0.8801999999998316,"failureMessages":[],"meta":{},"tags":[]}],"startTime":1784349458607,"endTime":1784349458614.8801,"status":"passed","message":"","name":"C:/Users/madat/Desktop/otams/tests/unit/student-hub-do-next-pure.test.ts"},{"assertionResults":[{"ancestorTitles":["subject-expansion-pure"],"fullName":"subject-expansion-pure marks pre-cleared subjects eligible","status":"passed","title":"marks pre-cleared subjects eligible","duration":6.574200000000019,"failureMessages":[],"meta":{},"tags":[]},{"ancestorTitles":["subject-expansion-pure"],"fullName":"subject-expansion-pure describes the bar for locked subjects","status":"passed","title":"describes the bar for locked subjects","duration":67.82089999999994,"failureMessages":[],"meta":{},"tags":[]}],"startTime":1784349413077,"endTime":1784349413151.8208,"status":"passed","message":"","name":"C:/Users/madat/Desktop/otams/tests/unit/subject-expansion-pure.test.ts"},{"assertionResults":[{"ancestorTitles":["symbolic grade pure"],"fullName":"symbolic grade pure normalizes python-style powers for mathjs","status":"passed","title":"normalizes python-style powers for mathjs","duration":14.029599999999846,"failureMessages":[],"meta":{},"tags":[]},{"ancestorTitles":["symbolic grade pure"],"fullName":"symbolic grade pure grades equivalent polynomials symbolically","status":"passed","title":"grades equivalent polynomials symbolically","duration":403.4308000000001,"failureMessages":[],"meta":{},"tags":[]},{"ancestorTitles":["symbolic grade pure"],"fullName":"symbolic grade pure rejects non-equivalent expressions","status":"passed","title":"rejects non-equivalent expressions","duration":24.313500000000204,"failureMessages":[],"meta":{},"tags":[]},{"ancestorTitles":["symbolic grade pure"],"fullName":"symbolic grade pure uses numeric sampling for transcendental expressions","status":"passed","title":"uses numeric sampling for transcendental expressions","duration":5.205500000000029,"failureMessages":[],"meta":{},"tags":[]},{"ancestorTitles":["symbolic grade pure"],"fullName":"symbolic grade pure hashes normalized expressions consistently","status":"passed","title":"hashes normalized expressions consistently","duration":1.1916000000001077,"failureMessages":[],"meta":{},"tags":[]}],"startTime":1784349420386,"endTime":1784349420835.1917,"status":"passed","message":"","name":"C:/Users/madat/Desktop/otams/tests/unit/symbolic-grade-pure.test.ts"},{"assertionResults":[{"ancestorTitles":["trajectory-certificate-pure"],"fullName":"trajectory-certificate-pure uses gold only on verified percentile styling","status":"passed","title":"uses gold only on verified percentile styling","duration":7.018699999999853,"failureMessages":[],"meta":{},"tags":[]},{"ancestorTitles":["trajectory-certificate-pure"],"fullName":"trajectory-certificate-pure ends with verdict and next action","status":"passed","title":"ends with verdict and next action","duration":1.6148999999998068,"failureMessages":[],"meta":{},"tags":[]}],"startTime":1784349457813,"endTime":1784349457821.615,"status":"passed","message":"","name":"C:/Users/madat/Desktop/otams/tests/unit/trajectory-certificate-pure.test.ts"},{"assertionResults":[{"ancestorTitles":["buildTrajectoryIndex"],"fullName":"buildTrajectoryIndex weights verified nodes, retests, and loops into a 0-100 score","status":"passed","title":"weights verified nodes, retests, and loops into a 0-100 score","duration":7.927200000000084,"failureMessages":[],"meta":{},"tags":[]},{"ancestorTitles":["buildTrajectoryIndex"],"fullName":"buildTrajectoryIndex prioritizes overdue retest in next action","status":"passed","title":"prioritizes overdue retest in next action","duration":0.9283000000000357,"failureMessages":[],"meta":{},"tags":[]},{"ancestorTitles":["trajectoryIndexSocialProofLine"],"fullName":"trajectoryIndexSocialProofLine returns tiered copy","status":"passed","title":"returns tiered copy","duration":0.8673000000001139,"failureMessages":[],"meta":{},"tags":[]}],"startTime":1784349448243,"endTime":1784349448253.8672,"status":"passed","message":"","name":"C:/Users/madat/Desktop/otams/tests/unit/trajectory-index-pure.test.ts"},{"assertionResults":[{"ancestorTitles":["verified first attempt conflict detection"],"fullName":"verified first attempt conflict detection treats Postgres 23505 as duplicate user+skill node","status":"passed","title":"treats Postgres 23505 as duplicate user+skill node","duration":8.237500000000182,"failureMessages":[],"meta":{},"tags":[]},{"ancestorTitles":["verified first attempt conflict detection"],"fullName":"verified first attempt conflict detection ignores other database errors","status":"passed","title":"ignores other database errors","duration":0.9906999999998334,"failureMessages":[],"meta":{},"tags":[]}],"startTime":1784349460251,"endTime":1784349460260.9907,"status":"passed","message":"","name":"C:/Users/madat/Desktop/otams/tests/unit/verified-first-attempts.test.ts"},{"assertionResults":[{"ancestorTitles":["vfa-free-response-pure"],"fullName":"vfa-free-response-pure maps full, partial, and zero accuracy","status":"passed","title":"maps full, partial, and zero accuracy","duration":6.535400000000209,"failureMessages":[],"meta":{},"tags":[]},{"ancestorTitles":["vfa-free-response-pure"],"fullName":"vfa-free-response-pure treats full credit as correct for rank boolean","status":"passed","title":"treats full credit as correct for rank boolean","duration":1.1763999999998305,"failureMessages":[],"meta":{},"tags":[]},{"ancestorTitles":["vfa-free-response-pure"],"fullName":"vfa-free-response-pure weights free response 1.5x in rolling stats","status":"passed","title":"weights free response 1.5x in rolling stats","duration":2.0489000000000033,"failureMessages":[],"meta":{},"tags":[]},{"ancestorTitles":["vfa-free-response-pure"],"fullName":"vfa-free-response-pure normalizes grading keys","status":"passed","title":"normalizes grading keys","duration":0.6721000000000004,"failureMessages":[],"meta":{},"tags":[]}],"startTime":1784349448207,"endTime":1784349448217.672,"status":"passed","message":"","name":"C:/Users/madat/Desktop/otams/tests/unit/vfa-free-response-pure.test.ts"},{"assertionResults":[{"ancestorTitles":["admin config honeypot"],"fullName":"admin config honeypot returns 404 for admins without blacklisting","status":"passed","title":"returns 404 for admins without blacklisting","duration":6.846300000000156,"failureMessages":[],"meta":{},"tags":[]},{"ancestorTitles":["admin config honeypot"],"fullName":"admin config honeypot always records a security event","status":"passed","title":"always records a security event","duration":1.372000000000071,"failureMessages":[],"meta":{},"tags":[]}],"startTime":1784349456211,"endTime":1784349456219.372,"status":"passed","message":"","name":"C:/Users/madat/Desktop/otams/src/features/admin/honeypot-config-api.test.ts"},{"assertionResults":[{"ancestorTitles":["public feed pure"],"fullName":"public feed pure maps portfolio rows without student names","status":"passed","title":"maps portfolio rows without student names","duration":6.682300000000055,"failureMessages":[],"meta":{},"tags":[]},{"ancestorTitles":["public feed pure"],"fullName":"public feed pure parses widget theme and height","status":"passed","title":"parses widget theme and height","duration":2.028500000000008,"failureMessages":[],"meta":{},"tags":[]},{"ancestorTitles":["public feed pure"],"fullName":"public feed pure builds brief iframe HTML","status":"passed","title":"builds brief iframe HTML","duration":1.4170999999998912,"failureMessages":[],"meta":{},"tags":[]}],"startTime":1784349449883,"endTime":1784349449893.417,"status":"passed","message":"","name":"C:/Users/madat/Desktop/otams/src/features/arena-widget/public-feed-pure.test.ts"},{"assertionResults":[{"ancestorTitles":["splitSessionPriceCents"],"fullName":"splitSessionPriceCents computes 15% platform fee while charging learner base amount only","status":"passed","title":"computes 15% platform fee while charging learner base amount only","duration":6.542699999999968,"failureMessages":[],"meta":{},"tags":[]},{"ancestorTitles":["splitSessionPriceCents"],"fullName":"splitSessionPriceCents rounds 15% fee to nearest cent","status":"passed","title":"rounds 15% fee to nearest cent","duration":1.0453999999999724,"failureMessages":[],"meta":{},"tags":[]},{"ancestorTitles":["flat student pricing"],"fullName":"flat student pricing charges $39 CAD per breakthrough session","status":"passed","title":"charges $39 CAD per breakthrough session","duration":1.4673000000002503,"failureMessages":[],"meta":{},"tags":[]},{"ancestorTitles":["flat student pricing"],"fullName":"flat student pricing charges $29 CAD per session for active Momentum subscribers","status":"passed","title":"charges $29 CAD per session for active Momentum subscribers","duration":0.5068999999998596,"failureMessages":[],"meta":{},"tags":[]},{"ancestorTitles":["flat student pricing"],"fullName":"flat student pricing momentum pack is $99 for three sessions","status":"passed","title":"momentum pack is $99 for three sessions","duration":0.826799999999821,"failureMessages":[],"meta":{},"tags":[]}],"startTime":1784349441630,"endTime":1784349441641.827,"status":"passed","message":"","name":"C:/Users/madat/Desktop/otams/src/features/booking/booking-pricing.test.ts"},{"assertionResults":[{"ancestorTitles":["guide booking date pure"],"fullName":"guide booking date pure maps slot days in tutor timezone","status":"passed","title":"maps slot days in tutor timezone","duration":86.28340000000003,"failureMessages":[],"meta":{},"tags":[]},{"ancestorTitles":["guide booking date pure"],"fullName":"guide booking date pure filters slots by calendar date","status":"passed","title":"filters slots by calendar date","duration":8.240400000000022,"failureMessages":[],"meta":{},"tags":[]},{"ancestorTitles":["guide booking date pure"],"fullName":"guide booking date pure formats verdict and next action","status":"passed","title":"formats verdict and next action","duration":1.7180000000000746,"failureMessages":[],"meta":{},"tags":[]}],"startTime":1784349414261,"endTime":1784349414357.718,"status":"passed","message":"","name":"C:/Users/madat/Desktop/otams/src/features/booking/guide-booking-date-pure.test.ts"},{"assertionResults":[{"ancestorTitles":["breakthrough detection"],"fullName":"breakthrough detection requires minimum sample sizes","
[...]
","status":"passed","title":"locks verified nodes as rank-critical","duration":1.302599999999984,"failureMessages":[],"meta":{},"tags":[]}],"startTime":1784349416798,"endTime":1784349416874.3025,"status":"passed","message":"","name":"C:/Users/madat/Desktop/otams/src/shared/ui/popover-messages.test.ts"},{"assertionResults":[{"ancestorTitles":["radio group messages"],"fullName":"radio group messages states annual checkout charge before subscribe","status":"passed","title":"states annual checkout charge before subscribe","duration":6.39670000000001,"failureMessages":[],"meta":{},"tags":[]},{"ancestorTitles":["radio group messages"],"fullName":"radio group messages states monthly checkout charge before subscribe","status":"passed","title":"states monthly checkout charge before subscribe","duration":1.0144999999999982,"failureMessages":[],"meta":{},"tags":[]},{"ancestorTitles":["radio group messages"],"fullName":"radio group messages asks bug reports for repro detail","status":"passed","title":"asks bug reports for repro detail","duration":0.970299999999952,"failureMessages":[],"meta":{},"tags":[]},{"ancestorTitles":["radio group messages"],"fullName":"radio group messages exposes aria labels","status":"passed","title":"exposes aria labels","duration":1.9959000000001197,"failureMessages":[],"meta":{},"tags":[]}],"startTime":1784349451343,"endTime":1784349451353.9958,"status":"passed","message":"","name":"C:/Users/madat/Desktop/otams/src/shared/ui/radio-group-messages.test.ts"},{"assertionResults":[{"ancestorTitles":["spinner messages"],"fullName":"spinner messages frames stripe checkout as pre-confirmation","status":"passed","title":"frames stripe checkout as pre-confirmation","duration":6.361699999999928,"failureMessages":[],"meta":{},"tags":[]},{"ancestorTitles":["spinner messages"],"fullName":"spinner messages ties quest pack load to reviewed item bank","status":"passed","title":"ties quest pack load to reviewed item bank","duration":1.2658000000001266,"failureMessages":[],"meta":{},"tags":[]},{"ancestorTitles":["spinner messages"],"fullName":"spinner messages routes kinds through mentrixaSpinnerMessage","status":"passed","title":"routes kinds through mentrixaSpinnerMessage","duration":0.875,"failureMessages":[],"meta":{},"tags":[]}],"startTime":1784349455951,"endTime":1784349455959.875,"status":"passed","message":"","name":"C:/Users/madat/Desktop/otams/src/shared/ui/spinner-messages.test.ts"},{"assertionResults":[{"ancestorTitles":["switch messages"],"fullName":"switch messages frames rank card around verified passport","status":"passed","title":"frames rank card around verified passport","duration":5.893799999999828,"failureMessages":[],"meta":{},"tags":[]},{"ancestorTitles":["switch messages"],"fullName":"switch messages differentiates tutor booked email copy","status":"passed","title":"differentiates tutor booked email copy","duration":1.161100000000033,"failureMessages":[],"meta":{},"tags":[]},{"ancestorTitles":["switch messages"],"fullName":"switch messages routes settingsSwitchMessage to privacy branch","status":"passed","title":"routes settingsSwitchMessage to privacy branch","duration":0.7450000000001182,"failureMessages":[],"meta":{},"tags":[]},{"ancestorTitles":["switch messages"],"fullName":"switch messages exposes group aria labels","status":"passed","title":"exposes group aria labels","duration":0.8759000000000015,"failureMessages":[],"meta":{},"tags":[]}],"startTime":1784349452493,"endTime":1784349452501.876,"status":"passed","message":"","name":"C:/Users/madat/Desktop/otams/src/shared/ui/switch-messages.test.ts"},{"assertionResults":[{"ancestorTitles":["tabs messages"],"fullName":"tabs messages pairs profile identity tab with verdict copy","status":"passed","title":"pairs profile identity tab with verdict copy","duration":8.48519999999985,"failureMessages":[],"meta":{},"tags":[]},{"ancestorTitles":["tabs messages"],"fullName":"tabs messages frames studio pending filter around transcript packages","status":"passed","title":"frames studio pending filter around transcript packages","duration":1.0149999999998727,"failureMessages":[],"meta":{},"tags":[]},{"ancestorTitles":["tabs messages"],"fullName":"tabs messages exposes profile tabs aria label","status":"passed","title":"exposes profile tabs aria label","duration":0.723700000000008,"failureMessages":[],"meta":{},"tags":[]}],"startTime":1784349447576,"endTime":1784349447587.7236,"status":"passed","message":"","name":"C:/Users/madat/Desktop/otams/src/shared/ui/tabs-messages.test.ts"},{"assertionResults":[{"ancestorTitles":["calculateRetention"],"fullName":"calculateRetention returns 1.0 at zero elapsed hours","status":"passed","title":"returns 1.0 at zero elapsed hours","duration":7.559799999999996,"failureMessages":[],"meta":{},"tags":[]},{"ancestorTitles":["calculateRetention"],"fullName":"calculateRetention decays as hours increase","status":"passed","title":"decays as hours increase","duration":1.1802999999999884,"failureMessages":[],"meta":{},"tags":[]},{"ancestorTitles":["calculateRetention"],"fullName":"calculateRetention clamps friction to 0.1 minimum","status":"passed","title":"clamps friction to 0.1 minimum","duration":0.7045000000000528,"failureMessages":[],"meta":{},"tags":[]},{"ancestorTitles":["calculateHoursToTargetReview"],"fullName":"calculateHoursToTargetReview uses default friction of 1.0 at threshold 0.60","status":"passed","title":"uses default friction of 1.0 at threshold 0.60","duration":1.3729000000000724,"failureMessages":[],"meta":{},"tags":[]},{"ancestorTitles":["calculateHoursToTargetReview"],"fullName":"calculateHoursToTargetReview extends interval as memory strength grows","status":"passed","title":"extends interval as memory strength grows","duration":0.6942999999998847,"failureMessages":[],"meta":{},"tags":[]},{"ancestorTitles":["calculateMemoryStrengthBase"],"fullName":"calculateMemoryStrengthBase starts at 24 and gains 12 per correct","status":"passed","title":"starts at 24 and gains 12 per correct","duration":1.3395000000000437,"failureMessages":[],"meta":{},"tags":[]},{"ancestorTitles":["calculateNextReviewAt"],"fullName":"calculateNextReviewAt returns an ISO timestamp in the future","status":"passed","title":"returns an ISO timestamp in the future","duration":3.503400000000056,"failureMessages":[],"meta":{},"tags":[]}],"startTime":1784349435327,"endTime":1784349435345.5034,"status":"passed","message":"","name":"C:/Users/madat/Desktop/otams/src/features/analytics/utils/ebbinghausScheduler.test.ts"},{"assertionResults":[{"ancestorTitles":["formatQuestPromptText"],"fullName":"formatQuestPromptText converts backtick math identifiers to inline LaTeX","status":"passed","title":"converts backtick math identifiers to inline LaTeX","duration":12.170100000000048,"failureMessages":[],"meta":{},"tags":[]},{"ancestorTitles":["formatQuestPromptText"],"fullName":"formatQuestPromptText converts lim_(t->2) notation","status":"passed","title":"converts lim_(t->2) notation","duration":1.2304000000001452,"failureMessages":[],"meta":{},"tags":[]},{"ancestorTitles":["formatQuestPromptText"],"fullName":"formatQuestPromptText wraps inline f(x) = x^3 - 2x","status":"passed","title":"wraps inline f(x) = x^3 - 2x","duration":1.4343000000001211,"failureMessages":[],"meta":{},"tags":[]},{"ancestorTitles":["formatQuestPromptText"],"fullName":"formatQuestPromptText formats standalone limit MCQ options","status":"passed","title":"formats standalone limit MCQ options","duration":1.82549999999992,"failureMessages":[],"meta":{},"tags":[]},{"ancestorTitles":["formatQuestPromptText"],"fullName":"formatQuestPromptText formats derivative explanation prose without swallowing English","status":"passed","title":"formats derivative explanation prose without swallowing English","duration":4.76260000000002,"failureMessages":[],"meta":{},"tags":[]},{"ancestorTitles":["formatQuestPromptText"],"fullName":"formatQuestPromptText formats lim (x→3) f(x) = ∞ in prose","status":"passed","title":"formats lim (x→3) f(x) = ∞ in prose","duration":1.5945000000001528,"failureMessages":[],"meta":{},"tags":[]},{"ancestorTitles":["convertPlainMathExpression"],"fullName":"convertPlainMathExpression converts bracket over h to frac","status":"passed","title":"converts bracket over h to frac","duration":0.9010000000000673,"failureMessages":[],"meta":{},"tags":[]},{"ancestorTitles":["parseQuestPromptBlocks"],"fullName":"parseQuestPromptBlocks extracts markdown pipe tables","status":"passed","title":"extracts markdown pipe tables","duration":10.599300000000085,"failureMessages":[],"meta":{},"tags":[]}],"startTime":1784349421497,"endTime":1784349421533.5994,"status":"passed","message":"","name":"C:/Users/madat/Desktop/otams/src/features/quest/ui/format-quest-prompt.test.ts"},{"assertionResults":[{"ancestorTitles":["math format regressions"],"fullName":"math format regressions preserves piecewise inline prompt delimiters","status":"passed","title":"preserves piecewise inline prompt delimiters","duration":13.600099999999884,"failureMessages":[],"meta":{},"tags":[]},{"ancestorTitles":["math format regressions"],"fullName":"math format regressions preserves simple limit step prompts","status":"passed","title":"preserves simple limit step prompts","duration":1.3618999999998778,"failureMessages":[],"meta":{},"tags":[]},{"ancestorTitles":["math format regressions"],"fullName":"math format regressions renders piecewise and limit spans without KaTeX errors","status":"passed","title":"renders piecewise and limit spans without KaTeX errors","duration":121.05449999999996,"failureMessages":[],"meta":{},"tags":[]}],"startTime":1784349410912,"endTime":1784349411048.0544,"status":"passed","message":"","name":"C:/Users/madat/Desktop/otams/src/features/quest/ui/math-format-regression.test.ts"},{"assertionResults":[{"ancestorTitles":["normalizeMathText"],"fullName":"normalizeMathText wraps bare \\frac{}{} in dollar delimiters","status":"passed","title":"wraps bare \\frac{}{} in dollar delimiters","duration":15.842299999999796,"failureMessages":[],"meta":{},"tags":[]},{"ancestorTitles":["normalizeMathText"],"fullName":"normalizeMathText leaves existing $...$ segments intact","status":"passed","title":"leaves existing $...$ segments intact","duration":2.289600000000064,"failureMessages":[],"meta":{},"tags":[]},{"ancestorTitles":["normalizeMathText"],"fullName":"normalizeMathText converts \\( ... \\) to $...$","status":"passed","title":"converts \\( ... \\) to $...$","duration":0.7775000000001455,"failureMessages":[],"meta":{},"tags":[]},{"ancestorTitles":["normalizeMathText"],"fullName":"normalizeMathText detects math in bare latex prompts","status":"passed","title":"detects math in bare latex prompts","duration":1.491700000000037,"failureMessages":[],"meta":{},"tags":[]},{"ancestorTitles":["normalizeMathText"],"fullName":"normalizeMathText wraps begin/end environment blocks in display math","status":"passed","title":"wraps begin/end environment blocks in display math","duration":2.53650000000016,"failureMessages":[],"meta":{},"tags":[]},{"ancestorTitles":["normalizeMathText"],"fullName":"normalizeMathText wraps bare definite integrals","status":"passed","title":"wraps bare definite integrals","duration":1.2485000000001492,"failureMessages":[],"meta":{},"tags":[]}],"startTime":1784349432907,"endTime":1784349432932.2485,"status":"passed","message":"","name":"C:/Users/madat/Desktop/otams/src/features/quest/ui/normalize-math-text.test.ts"},{"assertionResults":[{"ancestorTitles":["tokenizeQuestPromptHighlights"],"fullName":"tokenizeQuestPromptHighlights highlights numbers and calculus keywords outside math","status":"passed","title":"highlights numbers and calculus keywords outside math","duration":17.326499999999896,"failureMessages":[],"meta":{},"tags":[]},{"ancestorTitles":["tokenizeQuestPromptHighlights"],"fullName":"tokenizeQuestPromptHighlights does not highlight inside dollar math delimiters","status":"passed","title":"does not highlight inside dollar math delimiters","duration":1.4423000000001593,"failureMessages":[],"meta":{},"tags":[]},{"ancestorTitles":["tokenizeQuestPromptHighlights"],"fullName":"tokenizeQuestPromptHighlights highlights AP units","status":"passed","title":"highlights AP units","duration":1.072499999999991,"failureMessages":[],"meta":{},"tags":[]}],"startTime":1784349429107,"endTime":1784349429127.0725,"status":"passed","message":"","name":"C:/Users/madat/Desktop/otams/src/features/quest/ui/quest-prompt-highlight-pure.test.ts"},{"assertionResults":[{"ancestorTitles":["sanitizeQuestMathInput"],"fullName":"sanitizeQuestMathInput repairs split integral equations with \\dx shorthand","status":"passed","title":"repairs split integral equations with \\dx shorthand","duration":9.839100000000144,"failureMessages":[],"meta":{},"tags":[]},{"ancestorTitles":["sanitizeQuestMathInput"],"fullName":"sanitizeQuestMathInput repairs full integral question before KaTeX","status":"passed","title":"repairs full integral question before KaTeX","duration":1.6200000000001182,"failureMessages":[],"meta":{},"tags":[]},{"ancestorTitles":["sanitizeQuestMathInput"],"fullName":"sanitizeQuestMathInput repairs multi-integral linearity formulas","status":"passed","title":"repairs multi-integral linearity formulas","duration":1.7273999999999887,"failureMessages":[],"meta":{},"tags":[]},{"ancestorTitles":["normalizeMathText integral repairs"],"fullName":"normalizeMathText integral repairs renders integral question without orphan dollar signs","status":"passed","title":"renders integral question without orphan dollar signs","duration":4.032900000000154,"failureMessages":[],"meta":{},"tags":[]},{"ancestorTitles":["normalizeMathText integral repairs"],"fullName":"normalizeMathText integral repairs renders linearity explanation as valid math spans","status":"passed","title":"renders linearity explanation as valid math spans","duration":2.1557000000000244,"failureMessages":[],"meta":{},"tags":[]},{"ancestorTitles":["formatQuestPromptText integral repairs"],"fullName":"formatQuestPromptText integral repairs formats broken integral question for KaTeX","status":"passed","title":"formats broken integral question for KaTeX","duration":4.026299999999992,"failureMessages":[],"meta":{},"tags":[]},{"ancestorTitles":["KaTeX render smoke"],"fullName":"KaTeX render smoke renders repaired integral question without parse errors","status":"passed","title":"renders repaired integral question without parse errors","duration":132.17540000000008,"failureMessages":[],"meta":{},"tags":[]}],"startTime":1784349412777,"endTime":1784349412935.1753,"status":"passed","message":"","name":"C:/Users/madat/Desktop/otams/src/features/quest/ui/sanitize-quest-math.test.ts"},{"assertionResults":[{"ancestorTitles":["skill concept icons"],"fullName":"skill concept icons maps chain rule slugs to chain-rule concept art","status":"passed","title":"maps chain rule slugs to chain-rule concept art","duration":5.888599999999997,"failureMessages":[],"meta":{},"tags":[]},{"ancestorTitles":["skill concept icons"],"fullName":"skill concept icons maps limit skills to limit concept art","status":"passed","title":"maps limit skills to limit concept art","duration":1.707300000000032,"failureMessages":[],"meta":{},"tags":[]}],"startTime":1784349449038,"endTime":1784349449045.7073,"status":"passed","message":"","name":"C:/Users/madat/Desktop/otams/src/features/quest/ui/skill-concept-icon.test.ts"},{"assertionResults":[{"ancestorTitles":["RankBadge rank keys"],"fullName":"RankBadge rank keys maps each account level to the correct rank key","status":"passed","title":"maps each account level to the correct rank key","duration":6.350199999999859,"failureMessages":[],"meta":{},"tags":[]},{"ancestorTitles":["RankBadge rank keys"],"fullName":"RankBadge rank keys uses slate wanderer at level 1","status":"passed","title":"uses slate wanderer at level 1","duration":0.7969000000002779,"failureMessages":[],"meta":{},"tags":[]},{"ancestorTitles":["RankBadge rank keys"],"fullName":"RankBadge rank keys uses gold only for mentrixer","status":"passed","title":"uses gold only for mentrixer","duration":3.0118999999999687,"failureMessages":[],"meta":{},"tags":[]}],"startTime":1784349420558,"endTime":1784349420568.012,"status":"passed","message":"","name":"C:/Users/madat/Desktop/otams/src/features/xp/components/rank-badge.test.ts"},{"assertionResults":[{"ancestorTitles":["rate-limiter"],"fullName":"rate-limiter defines production route limits","status":"passed","title":"defines production route limits","duration":8.382200000000012,"failureMessages":[],"meta":{},"tags":[]},{"ancestorTitles":["rate-limiter"],"fullName":"rate-limiter returns 429 with Retry-After header","status":"passed","title":"returns 429 with Retry-After header","duration":13.249299999999948,"failureMessages":[],"meta":{},"tags":[]}],"startTime":1784349423241,"endTime":1784349423263.2493,"status":"passed","message":"","name":"C:/Users/madat/Desktop/otams/src/shared/core/security/rate-limiter.test.ts"},{"assertionResults":[{"ancestorTitles":["progressSnapshotEmailBody"],"fullName":"progressSnapshotEmailBody renders greeting and stats without verdict","status":"passed","title":"renders greeting and stats without verdict","duration":7.497299999999996,"failureMessages":[],"meta":{},"tags":[]},{"ancestorTitles":["progressSnapshotEmailBody"],"fullName":"progressSnapshotEmailBody renders truth report before supporting metrics","status":"passed","title":"renders truth report before supporting metrics","duration":2.2170999999998457,"failureMessages":[],"meta":{},"tags":[]},{"ancestorTitles":["progressSnapshotEmailBody"],"fullName":"progressSnapshotEmailBody prefers truth report over weeklyVerdict opener","status":"passed","title":"prefers truth report over weeklyVerdict opener","duration":1.0306000000000495,"failureMessages":[],"meta":{},"tags":[]},{"ancestorTitles":["progressSnapshotEmailBody"],"fullName":"progressSnapshotEmailBody renders verdict block when weeklyVerdict is provided","status":"passed","title":"renders verdict block when weeklyVerdict is provided","duration":0.9256000000000313,"failureMessages":[],"meta":{},"tags":[]},{"ancestorTitles":["progressSnapshotEmailBody"],"fullName":"progressSnapshotEmailBody escapes HTML in user-controlled fields","status":"passed","title":"escapes HTML in user-controlled fields","duration":1.1290000000001328,"failureMessages":[],"meta":{},"tags":[]},{"ancestorTitles":["progressSnapshotEmailBody"],"fullName":"progressSnapshotEmailBody renders without throwing for zero weekly activity","status":"passed","title":"renders without throwing for zero weekly activity","duration":3.0153999999999996,"failureMessages":[],"meta":{},"tags":[]},{"ancestorTitles":["progressSnapshotEmailBody"],"fullName":"progressSnapshotEmailBody renders without throwing for partial weekly history","status":"passed","title":"renders without throwing for partial weekly history","duration":1.138400000000047,"failureMessages":[],"meta":{},"tags":[]},{"ancestorTitles":["progressSnapshotEmailBody"],"fullName":"progressSnapshotEmailBody renders full history with verdict as primary block","status":"passed","title":"renders full history with verdict as primary block","duration":0.9509000000000469,"failureMessages":[],"meta":{},"tags":[]},{"ancestorTitles":["progressSnapshotEmailSubject"],"fullName":"progressSnapshotEmailSubject reflects rank direction in subject line","status":"passed","title":"reflects rank direction in subject line","duration":2.3672999999998865,"failureMessages":[],"meta":{},"tags":[]},{"ancestorTitles":["progressSnapshotEmailTitle"],"fullName":"progressSnapshotEmailTitle includes subject name","status":"passed","title":"includes subject name","duration":0.7324000000000979,"failureMessages":[],"meta":{},"tags":[]}],"startTime":1784349425851,"endTime":1784349425873.7324,"status":"passed","message":"","name":"C:/Users/madat/Desktop/otams/src/shared/integrations/email/templates/progress-snapshot-email.test.ts"}]}